<?xml version="1.0" encoding="UTF-8"?>
<!-- Generated by org.testng.reporters.JUnitXMLReporter -->
<testsuite ignored="0" hostname="DESKTOP-7K1FGBJ" failures="0" tests="3" name="Default test" time="22.907" errors="0" timestamp="2024-10-09T17:23:58 IST">
  <testcase classname="TestNG.DataProviderTest.LoginTest1" name="loginTest" time="1.356"/>
  <testcase classname="TestNG.DataProviderTest.LoginTest1" name="loginTest" time="1.057"/>
  <testcase classname="TestNG.DataProviderTest.LoginTest1" name="loginTest" time="1.033"/>
</testsuite> <!-- Default test -->
