<?xml version="1.0" encoding="UTF-8"?>
<testng-results ignored="0" total="3" passed="3" failed="0" skipped="0">
  <reporter-output>
  </reporter-output>
  <suite started-at="2024-10-09T17:23:35 IST" name="Default suite" finished-at="2024-10-09T17:23:58 IST" duration-ms="22907">
    <groups>
    </groups>
    <test started-at="2024-10-09T17:23:35 IST" name="Default test" finished-at="2024-10-09T17:23:58 IST" duration-ms="22907">
      <class name="TestNG.DataProviderTest.LoginTest1">
        <test-method is-config="true" signature="setUp()[pri:0, instance:TestNG.DataProviderTest.LoginTest1@66d18979]" started-at="2024-10-09T17:23:35 IST" name="setUp" finished-at="2024-10-09T17:23:42 IST" duration-ms="7529" status="PASS">
          <reporter-output>
          </reporter-output>
        </test-method> <!-- setUp -->
        <test-method signature="loginTest(java.lang.String,java.lang.String)[pri:0, instance:TestNG.DataProviderTest.LoginTest1@66d18979]" started-at="2024-10-09T17:23:42 IST" name="loginTest" data-provider="loginData" finished-at="2024-10-09T17:23:44 IST" duration-ms="1356" status="PASS">
          <params>
            <param index="0">
              <value>
                <![CDATA[tomsmith]]>
              </value>
            </param>
            <param index="1">
              <value>
                <![CDATA[SuperSecretPassword!]]>
              </value>
            </param>
          </params>
          <reporter-output>
          </reporter-output>
        </test-method> <!-- loginTest -->
        <test-method is-config="true" signature="tearDown()[pri:0, instance:TestNG.DataProviderTest.LoginTest1@66d18979]" started-at="2024-10-09T17:23:44 IST" name="tearDown" finished-at="2024-10-09T17:23:44 IST" duration-ms="188" status="PASS">
          <reporter-output>
          </reporter-output>
        </test-method> <!-- tearDown -->
        <test-method is-config="true" signature="setUp()[pri:0, instance:TestNG.DataProviderTest.LoginTest1@66d18979]" started-at="2024-10-09T17:23:44 IST" name="setUp" finished-at="2024-10-09T17:23:50 IST" duration-ms="5710" status="PASS">
          <reporter-output>
          </reporter-output>
        </test-method> <!-- setUp -->
        <test-method signature="loginTest(java.lang.String,java.lang.String)[pri:0, instance:TestNG.DataProviderTest.LoginTest1@66d18979]" started-at="2024-10-09T17:23:50 IST" name="loginTest" data-provider="loginData" finished-at="2024-10-09T17:23:51 IST" duration-ms="1057" status="PASS">
          <params>
            <param index="0">
              <value>
                <![CDATA[invaliduser]]>
              </value>
            </param>
            <param index="1">
              <value>
                <![CDATA[wrongpassword]]>
              </value>
            </param>
          </params>
          <reporter-output>
          </reporter-output>
        </test-method> <!-- loginTest -->
        <test-method is-config="true" signature="tearDown()[pri:0, instance:TestNG.DataProviderTest.LoginTest1@66d18979]" started-at="2024-10-09T17:23:51 IST" name="tearDown" finished-at="2024-10-09T17:23:51 IST" duration-ms="175" status="PASS">
          <reporter-output>
          </reporter-output>
        </test-method> <!-- tearDown -->
        <test-method is-config="true" signature="setUp()[pri:0, instance:TestNG.DataProviderTest.LoginTest1@66d18979]" started-at="2024-10-09T17:23:51 IST" name="setUp" finished-at="2024-10-09T17:23:57 IST" duration-ms="5665" status="PASS">
          <reporter-output>
          </reporter-output>
        </test-method> <!-- setUp -->
        <test-method signature="loginTest(java.lang.String,java.lang.String)[pri:0, instance:TestNG.DataProviderTest.LoginTest1@66d18979]" started-at="2024-10-09T17:23:57 IST" name="loginTest" data-provider="loginData" finished-at="2024-10-09T17:23:58 IST" duration-ms="1033" status="PASS">
          <params>
            <param index="0">
              <value>
                <![CDATA[user3]]>
              </value>
            </param>
            <param index="1">
              <value>
                <![CDATA[password3]]>
              </value>
            </param>
          </params>
          <reporter-output>
          </reporter-output>
        </test-method> <!-- loginTest -->
        <test-method is-config="true" signature="tearDown()[pri:0, instance:TestNG.DataProviderTest.LoginTest1@66d18979]" started-at="2024-10-09T17:23:58 IST" name="tearDown" finished-at="2024-10-09T17:23:58 IST" duration-ms="148" status="PASS">
          <reporter-output>
          </reporter-output>
        </test-method> <!-- tearDown -->
      </class> <!-- TestNG.DataProviderTest.LoginTest1 -->
    </test> <!-- Default test -->
  </suite> <!-- Default suite -->
</testng-results>
